<?xml version="1.0" encoding="UTF-8"?>
<!-- Generated by org.testng.reporters.JUnitXMLReporter -->
<testsuite hostname="DESKTOP-ALME922" ignored="0" name="AddCustomerTest" tests="3" failures="0" timestamp="21 May 2020 16:58:59 GMT" time="0.078" errors="0">
  <testcase name="@BeforeSuite setUp" time="12.794" classname="com.w2a.base.TestBase">
    <failure type="java.lang.NumberFormatException" message="null">
      <![CDATA[java.lang.NumberFormatException: null
	at java.lang.Integer.parseInt(Integer.java:542)
	at java.lang.Integer.parseInt(Integer.java:615)
	at com.w2a.base.TestBase.setUp(TestBase.java:129)
... Removed 22 stack frames]]>
    </failure>
  </testcase> <!-- @BeforeSuite setUp -->
  <testcase name="addCustomerTest" time="0.0" classname="com.w2a.testcases.AddCustomerTest">
    <skipped/>
  </testcase> <!-- addCustomerTest -->
  <testcase name="addCustomerTest" time="0.0" classname="com.w2a.testcases.AddCustomerTest">
    <skipped/>
  </testcase> <!-- addCustomerTest -->
  <testcase name="addCustomerTest" time="0.0" classname="com.w2a.testcases.AddCustomerTest">
    <skipped/>
  </testcase> <!-- addCustomerTest -->
</testsuite> <!-- AddCustomerTest -->
