<?xml version="1.0" encoding="UTF-8"?>
<!-- Generated by org.testng.reporters.JUnitXMLReporter -->
<testsuite hostname="DESKTOP-ALME922" ignored="0" name="AddCustomerTest" tests="3" failures="0" timestamp="20 May 2020 18:03:10 GMT" time="28.705" errors="0">
  <testcase name="addCustomerTest" time="9.826" classname="com.w2a.testcases.AddCustomerTest"/>
  <testcase name="addCustomerTest" time="9.33" classname="com.w2a.testcases.AddCustomerTest"/>
  <testcase name="addCustomerTest" time="9.355" classname="com.w2a.testcases.AddCustomerTest"/>
</testsuite> <!-- AddCustomerTest -->
