<?xml version="1.0" encoding="UTF-8"?>
<!-- Generated by org.testng.reporters.JUnitXMLReporter -->
<testsuite hostname="DESKTOP-ALME922" ignored="0" name="OpenAccountTest" tests="1" failures="0" timestamp="20 May 2020 22:12:27 GMT" time="0.002" errors="0">
  <testcase name="@BeforeSuite setUp" time="18.69" classname="com.w2a.base.TestBase">
    <failure type="java.lang.NumberFormatException" message="null">
      <![CDATA[java.lang.NumberFormatException: null
	at java.lang.Integer.parseInt(Integer.java:542)
	at java.lang.Integer.parseInt(Integer.java:615)
	at com.w2a.base.TestBase.setUp(TestBase.java:130)
... Removed 22 stack frames]]>
    </failure>
  </testcase> <!-- @BeforeSuite setUp -->
  <testcase name="openAccountTest" time="0.0" classname="com.w2a.testcases.OpenAccountTest">
    <skipped/>
  </testcase> <!-- openAccountTest -->
</testsuite> <!-- OpenAccountTest -->
