<?xml version="1.0" encoding="UTF-8"?>
<!-- Generated by org.testng.reporters.JUnitXMLReporter -->
<testsuite hostname="DESKTOP-ALME922" ignored="0" name="LoginTest" tests="1" failures="1" timestamp="13 May 2020 15:44:31 GMT" time="0.703" errors="0">
  <testcase name="loginAsBankManager" time="0.022" classname="com.w2a.testcases.LoginTest">
    <failure type="java.lang.AssertionError" message="expected [xyz] but found [abc]">
      <![CDATA[java.lang.AssertionError: expected [xyz] but found [abc]
	at com.w2a.testcases.LoginTest.loginAsBankManager(LoginTest.java:15)
... Removed 31 stack frames]]>
    </failure>
  </testcase> <!-- loginAsBankManager -->
</testsuite> <!-- LoginTest -->
