<?xml version="1.0" encoding="UTF-8"?>
<testsuite name="TestSuite" time="3.986" tests="1" errors="0" skipped="0" failures="1">
  <properties>
[...]
</properties>
  <testcase name="loginTest" classname="com.w2a.testcases.LoginTest" time="3.986">
    <failure message="Cannot find elements when the selector is null" type="java.lang.IllegalArgumentException"><![CDATA[java.lang.IllegalArgumentException: Cannot find elements when the selector is null
	at org.openqa.selenium.By$ByCssSelector.<init>(By.java:422)
	at org.openqa.selenium.By.cssSelector(By.java:116)
	at com.w2a.base.TestBase.click(TestBase.java:113)
	at com.w2a.testcases.LoginTest.loginTest(LoginTest.java:23)
]]></failure>
    <system-out><![CDATA[[TestNGContentHandler] [WARN] It is strongly recommended to add "<!DOCTYPE suite SYSTEM "http://testng.org/testng-1.0.dtd" >" at the top of your file, otherwise TestNG may fail or not work as expected.
screenshot name: Sat_May_16_22_09_58_EDT_2020.jpg
screen shot name: Sat_May_16_22_10_01_EDT_2020.jpg
]]></system-out>
    <system-err><![CDATA[java.io.FileNotFoundException: C:\Users\amuda\Amuda_liveProject\DatadrivenFramework\src\test\resources\properties\OR.properties (The system cannot find the path specified)
	at java.io.FileInputStream.open0(Native Method)
	at java.io.FileInputStream.open(FileInputStream.java:195)
	at java.io.FileInputStream.<init>(FileInputStream.java:138)
	at java.io.FileInputStream.<init>(FileInputStream.java:93)
	at com.w2a.base.TestBase.setUP(TestBase.java:76)
	at sun.reflect.NativeMethodAccessorImpl.invoke0(Native Method)
	at sun.reflect.NativeMethodAccessorImpl.invoke(NativeMethodAccessorImpl.java:62)
	at sun.reflect.DelegatingMethodAccessorImpl.invoke(DelegatingMethodAccessorImpl.java:43)
	at java.lang.reflect.Method.invoke(Method.java:498)
	at org.testng.internal.MethodInvocationHelper.invokeMethod(MethodInvocationHelper.java:108)
	at org.testng.internal.Invoker.invokeConfigurationMethod(Invoker.java:523)
	at org.testng.internal.Invoker.invokeConfigurations(Invoker.java:224)
	at org.testng.internal.Invoker.invokeConfigurations(Invoker.java:146)
	at org.testng.SuiteRunner.privateRun(SuiteRunner.java:326)
	at org.testng.SuiteRunner.run(SuiteRunner.java:289)
	at org.testng.SuiteRunnerWorker.runSuite(SuiteRunnerWorker.java:52)
	at org.testng.SuiteRunnerWorker.run(SuiteRunnerWorker.java:86)
	at org.testng.TestNG.runSuitesSequentially(TestNG.java:1301)
	at org.testng.TestNG.runSuitesLocally(TestNG.java:1226)
	at org.testng.TestNG.runSuites(TestNG.java:1144)
	at org.testng.TestNG.run(TestNG.java:1115)
	at org.apache.maven.surefire.testng.TestNGExecutor.run(TestNGExecutor.java:295)
	at org.apache.maven.surefire.testng.TestNGXmlTestSuite.execute(TestNGXmlTestSuite.java:84)
	at org.apache.maven.surefire.testng.TestNGProvider.invoke(TestNGProvider.java:90)
	at org.apache.maven.surefire.booter.ForkedBooter.invokeProviderInSameClassLoader(ForkedBooter.java:203)
	at org.apache.maven.surefire.booter.ForkedBooter.runSuitesInProcess(ForkedBooter.java:155)
	at org.apache.maven.surefire.booter.ForkedBooter.main(ForkedBooter.java:103)
Starting ChromeDriver 80.0.3987.16 (320f6526c1632ad4f205ebce69b99a062ed78647-refs/branch-heads/3987@{#185}) on port 46753
Only local connections are allowed.
Please protect ports used by ChromeDriver and related test frameworks to prevent access by malicious code.
[1589681386.782][WARNING]: This version of ChromeDriver has not been tested with Chrome version 81.
[1589681388.788][WARNING]: Timed out connecting to Chrome, retrying...
May 16, 2020 10:09:50 PM org.openqa.selenium.remote.ProtocolHandshake createSession
INFO: Detected dialect: W3C
[1589681392.113][SEVERE]: Timed out receiving message from renderer: 0.100
[1589681392.215][SEVERE]: Timed out receiving message from renderer: 0.100
[1589681392.431][SEVERE]: Timed out receiving message from renderer: 0.100
[1589681392.538][SEVERE]: Timed out receiving message from renderer: 0.100
[1589681392.718][SEVERE]: Timed out receiving message from renderer: 0.100
[1589681392.819][SEVERE]: Timed out receiving message from renderer: 0.100
[1589681393.024][SEVERE]: Timed out receiving message from renderer: 0.100
[1589681393.148][SEVERE]: Timed out receiving message from renderer: 0.100
[1589681393.369][SEVERE]: Timed out receiving message from renderer: 0.100
[1589681393.471][SEVERE]: Timed out receiving message from renderer: 0.100
[1589681393.574][SEVERE]: Timed out receiving message from renderer: 0.100
[1589681395.599][WARNING]: Timed out connecting to Chrome, retrying...
]]></system-err>
  </testcase>
</testsuite>