<?xml version="1.0" encoding="UTF-8"?>
<testsuite name="AddCustomerTest"
           tests="3"
           failures="0"
           errors="0"
           skipped="0"
           time="28.511">
  <properties />
  
  
            <testcase name="addCustomerTest" time="9.330" classname="com.w2a.testcases.AddCustomerTest" />
                <testcase name="addCustomerTest" time="9.355" classname="com.w2a.testcases.AddCustomerTest" />
                <testcase name="addCustomerTest" time="9.826" classname="com.w2a.testcases.AddCustomerTest" />
      
</testsuite>
